<?xml version="1.0" encoding="UTF-8"?>
<!-- Generated by org.testng.reporters.JUnitReportReporter -->
<testsuite hostname="QQSPLEKLTP0162" failures="0" tests="3" name="QapitolQA.Submitorder" time="24.499" errors="0" timestamp="2023-04-04T22:27:22 IST" skipped="0">
  <testcase classname="QapitolQA.Submitorder" name="submitOrder" time="8.382"/>
  <system-out/>
  <testcase classname="QapitolQA.Submitorder" name="OrderHistoryTest" time="6.696"/>
  <system-out/>
  <testcase classname="QapitolQA.Submitorder" name="submitOrder" time="9.421"/>
  <system-out/>
</testsuite> <!-- QapitolQA.Submitorder -->
